Summary of SPARK analysis
=========================

---------------------------------------------------------------------------------------------------------
SPARK Analysis results        Total        Flow   Interval   CodePeer      Provers   Justified   Unproved
---------------------------------------------------------------------------------------------------------
Data Dependencies                18          18          .          .            .           .          .
Flow Dependencies                 .           .          .          .            .           .          .
Initialization                    .           .          .          .            .           .          .
Non-Aliasing                      .           .          .          .            .           .          .
Run-time Checks                  44           .          .          .    44 (CVC4)           .          .
Assertions                        .           .          .          .            .           .          .
Functional Contracts             16           .          .          .    16 (CVC4)           .          .
LSP Verification                  .           .          .          .            .           .          .
---------------------------------------------------------------------------------------------------------
Total                            78    18 (23%)          .          .     60 (77%)           .          .


max steps used for successful proof: 1

Analyzed 2 units
in unit main, 0 subprograms and packages out of 1 analyzed
  Main at main.adb:7 skipped
in unit trains, 19 subprograms and packages out of 19 analyzed
  Trains at trains.ads:4 flow analyzed (0 errors, 0 checks and 0 warnings) and proved (0 checks)
  Trains.AddCarriage at trains.ads:66 flow analyzed (0 errors, 0 checks and 0 warnings) and proved (3 checks)
  Trains.AddControlRod at trains.ads:56 flow analyzed (0 errors, 0 checks and 0 warnings) and proved (3 checks)
  Trains.CalculatePower at trains.ads:123 flow analyzed (0 errors, 0 checks and 0 warnings) and proved (4 checks)
  Trains.CalculateSpeed at trains.ads:130 flow analyzed (0 errors, 0 checks and 0 warnings) and proved (6 checks)
  Trains.CalculateTemperature at trains.ads:137 flow analyzed (0 errors, 0 checks and 0 warnings) and proved (6 checks)
  Trains.DecreaseCoolant at trains.ads:81 flow analyzed (0 errors, 0 checks and 0 warnings) and proved (3 checks)
  Trains.DisplayAll at trains.ads:143 flow analyzed (0 errors, 0 checks and 0 warnings) and proved (16 checks)
  Trains.EmergencyStop at trains.ads:98 flow analyzed (0 errors, 0 checks and 0 warnings) and proved (1 checks)
  Trains.IncreaseCoolant at trains.ads:76 flow analyzed (0 errors, 0 checks and 0 warnings) and proved (3 checks)
  Trains.IncreaseTemp at trains.ads:86 flow analyzed (0 errors, 0 checks and 0 warnings) and proved (3 checks)
  Trains.Maintenance at trains.ads:152 flow analyzed (0 errors, 0 checks and 0 warnings) and proved (0 checks)
  Trains.ManualShutDown at trains.ads:105 flow analyzed (0 errors, 0 checks and 0 warnings) and proved (1 checks)
  Trains.RemovingCarriage at trains.ads:71 flow analyzed (0 errors, 0 checks and 0 warnings) and proved (3 checks)
  Trains.RemovingControlRod at trains.ads:61 flow analyzed (0 errors, 0 checks and 0 warnings) and proved (3 checks)
  Trains.Restart at trains.ads:148 flow analyzed (0 errors, 0 checks and 0 warnings) and proved (1 checks)
  Trains.StartUpTheReactor at trains.ads:112 flow analyzed (0 errors, 0 checks and 0 warnings) and proved (1 checks)
  Trains.TrainStart at trains.ads:118 flow analyzed (0 errors, 0 checks and 0 warnings) and proved (2 checks)
  Trains.WarningLight at trains.ads:92 flow analyzed (0 errors, 0 checks and 0 warnings) and proved (1 checks)
